<?xml version="1.0" encoding="UTF-8"?>
<!-- Generated by org.testng.reporters.JUnitXMLReporter -->
<testsuite ignored="0" hostname="DESKTOP-PDS6BS2" failures="1" tests="7" name="Test" time="198.993" errors="0" timestamp="2025-03-22T00:04:46 IST">
  <testcase classname="com.mystore.qa.testcases.SignupPageTest" name="signupPageValidationTest" time="0.099"/>
  <testcase classname="com.mystore.qa.testcases.SignupPageTest" name="createNewAccountTest" time="7.89"/>
  <testcase classname="com.mystore.qa.testcases.IndexPageTest" name="indexPageValidationTest" time="0.104"/>
  <testcase classname="com.mystore.qa.testcases.IndexPageTest" name="clickSiginBtnTest" time="2.477"/>
  <testcase classname="com.mystore.qa.testcases.LoginPageTest" name="loginPageValidationTest" time="0.094"/>
  <testcase classname="com.mystore.qa.testcases.LoginPageTest" name="loginTest" time="5.067"/>
  <testcase classname="com.mystore.qa.testcases.SearchProductTest" name="SearchProductTest" time="7.712">
    <failure type="java.lang.AssertionError" message="expected [true] but found [false]">
      <![CDATA[java.lang.AssertionError: expected [true] but found [false]
at com.mystore.qa.testcases.SearchProductTest.SearchProductTest(SearchProductTest.java:40)
at java.base/java.util.ArrayList.forEach(ArrayList.java:1597)
... Removed 33 stack frames]]>
    </failure>
  </testcase> <!-- SearchProductTest -->
</testsuite> <!-- Test -->
