<?xml version="1.0" encoding="UTF-8"?>
<testng-results ignored="0" total="7" passed="6" failed="1" skipped="0">
  <reporter-output>
  </reporter-output>
  <suite started-at="2025-03-22T00:01:27 IST" name="Suite" finished-at="2025-03-22T00:04:46 IST" duration-ms="198993">
    <groups>
    </groups>
    <test started-at="2025-03-22T00:01:27 IST" name="Test" finished-at="2025-03-22T00:04:46 IST" duration-ms="198993">
      <class name="com.mystore.qa.testcases.IndexPageTest">
        <test-method is-config="true" signature="setUp()[pri:0, instance:com.mystore.qa.testcases.IndexPageTest@55322aab]" started-at="2025-03-22T00:03:29 IST" name="setUp" finished-at="2025-03-22T00:03:39 IST" duration-ms="10234" status="PASS">
          <reporter-output>
          </reporter-output>
        </test-method> <!-- setUp -->
        <test-method signature="indexPageValidationTest()[pri:1, instance:com.mystore.qa.testcases.IndexPageTest@55322aab]" started-at="2025-03-22T00:03:39 IST" name="indexPageValidationTest" finished-at="2025-03-22T00:03:39 IST" duration-ms="104" status="PASS">
          <reporter-output>
          </reporter-output>
        </test-method> <!-- indexPageValidationTest -->
        <test-method is-config="true" signature="tearDown()[pri:0, instance:com.mystore.qa.testcases.IndexPageTest@55322aab]" started-at="2025-03-22T00:03:39 IST" name="tearDown" finished-at="2025-03-22T00:03:39 IST" duration-ms="194" status="PASS">
          <reporter-output>
          </reporter-output>
        </test-method> <!-- tearDown -->
        <test-method is-config="true" signature="setUp()[pri:0, instance:com.mystore.qa.testcases.IndexPageTest@55322aab]" started-at="2025-03-22T00:03:39 IST" name="setUp" finished-at="2025-03-22T00:03:48 IST" duration-ms="8286" status="PASS">
          <reporter-output>
          </reporter-output>
        </test-method> <!-- setUp -->
        <test-method signature="clickSiginBtnTest()[pri:2, instance:com.mystore.qa.testcases.IndexPageTest@55322aab]" started-at="2025-03-22T00:03:48 IST" name="clickSiginBtnTest" finished-at="2025-03-22T00:03:50 IST" duration-ms="2477" status="PASS">
          <reporter-output>
          </reporter-output>
        </test-method> <!-- clickSiginBtnTest -->
        <test-method is-config="true" signature="tearDown()[pri:0, instance:com.mystore.qa.testcases.IndexPageTest@55322aab]" started-at="2025-03-22T00:03:50 IST" name="tearDown" finished-at="2025-03-22T00:03:50 IST" duration-ms="206" status="PASS">
          <reporter-output>
          </reporter-output>
        </test-method> <!-- tearDown -->
      </class> <!-- com.mystore.qa.testcases.IndexPageTest -->
      <class name="com.mystore.qa.testcases.LoginPageTest">
        <test-method is-config="true" signature="setUp()[pri:0, instance:com.mystore.qa.testcases.LoginPageTest@2b4c1d96]" started-at="2025-03-22T00:03:50 IST" name="setUp" finished-at="2025-03-22T00:04:00 IST" duration-ms="9334" status="PASS">
          <reporter-output>
          </reporter-output>
        </test-method> <!-- setUp -->
        <test-method signature="loginPageValidationTest()[pri:1, instance:com.mystore.qa.testcases.LoginPageTest@2b4c1d96]" started-at="2025-03-22T00:04:00 IST" name="loginPageValidationTest" finished-at="2025-03-22T00:04:00 IST" duration-ms="94" status="PASS">
          <reporter-output>
          </reporter-output>
        </test-method> <!-- loginPageValidationTest -->
        <test-method is-config="true" signature="tearDown()[pri:0, instance:com.mystore.qa.testcases.LoginPageTest@2b4c1d96]" started-at="2025-03-22T00:04:00 IST" name="tearDown" finished-at="2025-03-22T00:04:00 IST" duration-ms="200" status="PASS">
          <reporter-output>
          </reporter-output>
        </test-method> <!-- tearDown -->
        <test-method is-config="true" signature="setUp()[pri:0, instance:com.mystore.qa.testcases.LoginPageTest@2b4c1d96]" started-at="2025-03-22T00:04:00 IST" name="setUp" finished-at="2025-03-22T00:04:14 IST" duration-ms="14120" status="PASS">
          <reporter-output>
          </reporter-output>
        </test-method> <!-- setUp -->
        <test-method signature="loginTest()[pri:2, instance:com.mystore.qa.testcases.LoginPageTest@2b4c1d96]" started-at="2025-03-22T00:04:14 IST" name="loginTest" finished-at="2025-03-22T00:04:19 IST" duration-ms="5067" status="PASS">
          <reporter-output>
          </reporter-output>
        </test-method> <!-- loginTest -->
        <test-method is-config="true" signature="tearDown()[pri:0, instance:com.mystore.qa.testcases.LoginPageTest@2b4c1d96]" started-at="2025-03-22T00:04:19 IST" name="tearDown" finished-at="2025-03-22T00:04:19 IST" duration-ms="219" status="PASS">
          <reporter-output>
          </reporter-output>
        </test-method> <!-- tearDown -->
      </class> <!-- com.mystore.qa.testcases.LoginPageTest -->
      <class name="com.mystore.qa.testcases.SignupPageTest">
        <test-method is-config="true" signature="setUp()[pri:0, instance:com.mystore.qa.testcases.SignupPageTest@517d4a0d]" started-at="2025-03-22T00:01:27 IST" name="setUp" finished-at="2025-03-22T00:02:36 IST" duration-ms="68872" status="PASS">
          <reporter-output>
          </reporter-output>
        </test-method> <!-- setUp -->
        <test-method signature="signupPageValidationTest()[pri:1, instance:com.mystore.qa.testcases.SignupPageTest@517d4a0d]" started-at="2025-03-22T00:02:36 IST" name="signupPageValidationTest" finished-at="2025-03-22T00:02:36 IST" duration-ms="99" status="PASS">
          <reporter-output>
          </reporter-output>
        </test-method> <!-- signupPageValidationTest -->
        <test-method is-config="true" signature="tearDown()[pri:0, instance:com.mystore.qa.testcases.SignupPageTest@517d4a0d]" started-at="2025-03-22T00:02:36 IST" name="tearDown" finished-at="2025-03-22T00:02:36 IST" duration-ms="413" status="PASS">
          <reporter-output>
          </reporter-output>
        </test-method> <!-- tearDown -->
        <test-method is-config="true" signature="setUp()[pri:0, instance:com.mystore.qa.testcases.SignupPageTest@517d4a0d]" started-at="2025-03-22T00:02:39 IST" name="setUp" finished-at="2025-03-22T00:03:21 IST" duration-ms="42263" status="PASS">
          <reporter-output>
          </reporter-output>
        </test-method> <!-- setUp -->
        <test-method signature="createNewAccountTest(java.lang.String,java.lang.String,java.lang.String,java.lang.String,java.lang.String)[pri:2, instance:com.mystore.qa.testcases.SignupPageTest@517d4a0d]" started-at="2025-03-22T00:03:21 IST" name="createNewAccountTest" data-provider="testDataProvider" finished-at="2025-03-22T00:03:29 IST" duration-ms="7890" status="PASS">
          <params>
            <param index="0">
              <value>
                <![CDATA[Vineet]]>
              </value>
            </param>
            <param index="1">
              <value>
                <![CDATA[Kumar]]>
              </value>
            </param>
            <param index="2">
              <value>
                <![CDATA[VineetKr6543@gmail.com]]>
              </value>
            </param>
            <param index="3">
              <value>
                <![CDATA[VineetKr@567#]]>
              </value>
            </param>
            <param index="4">
              <value>
                <![CDATA[VineetKr@567#]]>
              </value>
            </param>
          </params>
          <reporter-output>
          </reporter-output>
        </test-method> <!-- createNewAccountTest -->
        <test-method is-config="true" signature="tearDown()[pri:0, instance:com.mystore.qa.testcases.SignupPageTest@517d4a0d]" started-at="2025-03-22T00:03:29 IST" name="tearDown" finished-at="2025-03-22T00:03:29 IST" duration-ms="254" status="PASS">
          <reporter-output>
          </reporter-output>
        </test-method> <!-- tearDown -->
      </class> <!-- com.mystore.qa.testcases.SignupPageTest -->
      <class name="com.mystore.qa.testcases.SearchProductTest">
        <test-method is-config="true" signature="setUp()[pri:0, instance:com.mystore.qa.testcases.SearchProductTest@45fd9a4d]" started-at="2025-03-22T00:04:19 IST" name="setUp" finished-at="2025-03-22T00:04:38 IST" duration-ms="18668" status="PASS">
          <reporter-output>
          </reporter-output>
        </test-method> <!-- setUp -->
        <test-method signature="SearchProductTest()[pri:0, instance:com.mystore.qa.testcases.SearchProductTest@45fd9a4d]" started-at="2025-03-22T00:04:38 IST" name="SearchProductTest" finished-at="2025-03-22T00:04:46 IST" duration-ms="7712" status="FAIL">
          <exception class="java.lang.AssertionError">
            <message>
              <![CDATA[expected [true] but found [false]]]>
            </message>
            <full-stacktrace>
              <![CDATA[java.lang.AssertionError: expected [true] but found [false]
at org.testng.Assert.fail(Assert.java:111)
at org.testng.Assert.failNotEquals(Assert.java:1578)
at org.testng.Assert.assertTrue(Assert.java:57)
at org.testng.Assert.assertTrue(Assert.java:67)
at com.mystore.qa.testcases.SearchProductTest.SearchProductTest(SearchProductTest.java:40)
at java.base/jdk.internal.reflect.DirectMethodHandleAccessor.invoke(DirectMethodHandleAccessor.java:103)
at java.base/java.lang.reflect.Method.invoke(Method.java:580)
at org.testng.internal.invokers.MethodInvocationHelper.invokeMethod(MethodInvocationHelper.java:141)
at org.testng.internal.invokers.TestInvoker.invokeMethod(TestInvoker.java:686)
at org.testng.internal.invokers.TestInvoker.invokeTestMethod(TestInvoker.java:230)
at org.testng.internal.invokers.MethodRunner.runInSequence(MethodRunner.java:63)
at org.testng.internal.invokers.TestInvoker$MethodInvocationAgent.invoke(TestInvoker.java:992)
at org.testng.internal.invokers.TestInvoker.invokeTestMethods(TestInvoker.java:203)
at org.testng.internal.invokers.TestMethodWorker.invokeTestMethods(TestMethodWorker.java:154)
at org.testng.internal.invokers.TestMethodWorker.run(TestMethodWorker.java:134)
at java.base/java.util.ArrayList.forEach(ArrayList.java:1597)
at org.testng.TestRunner.privateRun(TestRunner.java:739)
at org.testng.TestRunner.run(TestRunner.java:614)
at org.testng.SuiteRunner.runTest(SuiteRunner.java:421)
at org.testng.SuiteRunner.runSequentially(SuiteRunner.java:413)
at org.testng.SuiteRunner.privateRun(SuiteRunner.java:373)
at org.testng.SuiteRunner.run(SuiteRunner.java:312)
at org.testng.SuiteRunnerWorker.runSuite(SuiteRunnerWorker.java:52)
at org.testng.SuiteRunnerWorker.run(SuiteRunnerWorker.java:95)
at org.testng.TestNG.runSuitesSequentially(TestNG.java:1274)
at org.testng.TestNG.runSuitesLocally(TestNG.java:1208)
at org.testng.TestNG.runSuites(TestNG.java:1112)
at org.testng.TestNG.run(TestNG.java:1079)
at org.apache.maven.surefire.testng.TestNGExecutor.run(TestNGExecutor.java:308)
at org.apache.maven.surefire.testng.TestNGXmlTestSuite.execute(TestNGXmlTestSuite.java:71)
at org.apache.maven.surefire.testng.TestNGProvider.invoke(TestNGProvider.java:113)
at org.apache.maven.surefire.booter.ForkedBooter.runSuitesInProcess(ForkedBooter.java:385)
at org.apache.maven.surefire.booter.ForkedBooter.execute(ForkedBooter.java:162)
at org.apache.maven.surefire.booter.ForkedBooter.run(ForkedBooter.java:507)
at org.apache.maven.surefire.booter.ForkedBooter.main(ForkedBooter.java:495)
]]>
            </full-stacktrace>
          </exception> <!-- java.lang.AssertionError -->
          <reporter-output>
          </reporter-output>
        </test-method> <!-- SearchProductTest -->
      </class> <!-- com.mystore.qa.testcases.SearchProductTest -->
    </test> <!-- Test -->
  </suite> <!-- Suite -->
</testng-results>
